2026-04-20T20:48:20.451969747Z [err]  note: run with `RUST_BACKTRACE=1` environment variable to display a backtrace
2026-04-20T20:48:20.452033889Z [err]  
2026-04-20T20:48:20.452042835Z [err]  thread 'main' (1) panicked at pointercrate-example/src/main.rs:103:6:
2026-04-20T20:48:20.452050887Z [err]  Failed to load localization files: Io(Os { code: 20, kind: NotADirectory, message: "Not a directory" })
2026-04-20T20:48:26.889154062Z [err]  
2026-04-20T20:48:26.889163381Z [err]  thread 'main' (1) panicked at pointercrate-example/src/main.rs:103:6:
2026-04-20T20:48:26.889172335Z [err]  Failed to load localization files: Io(Os { code: 20, kind: NotADirectory, message: "Not a directory" })
2026-04-20T20:48:26.889181016Z [err]  note: run with `RUST_BACKTRACE=1` environment variable to display a backtrace
2026-04-20T20:48:26.890093549Z [err]  
2026-04-20T20:48:26.890137435Z [err]  thread 'main' (1) panicked at pointercrate-example/src/main.rs:103:6:
2026-04-20T20:48:26.890143377Z [err]  Failed to load localization files: Io(Os { code: 20, kind: NotADirectory, message: "Not a directory" })
2026-04-20T20:48:26.890149544Z [err]  note: run with `RUST_BACKTRACE=1` environment variable to display a backtrace
2026-04-20T20:48:26.890210899Z [err]  
2026-04-20T20:48:26.890216990Z [err]  thread 'main' (1) panicked at pointercrate-example/src/main.rs:103:6:
2026-04-20T20:48:26.890223535Z [err]  Failed to load localization files: Io(Os { code: 20, kind: NotADirectory, message: "Not a directory" })
2026-04-20T20:48:26.890230374Z [err]  note: run with `RUST_BACKTRACE=1` environment variable to display a backtrace
2026-04-20T20:48:26.891780131Z [err]  
2026-04-20T20:48:26.891785764Z [err]  thread 'main' (1) panicked at pointercrate-example/src/main.rs:103:6:
2026-04-20T20:48:26.891807353Z [err]  Failed to load localization files: Io(Os { code: 20, kind: NotADirectory, message: "Not a directory" })
2026-04-20T20:48:26.891812408Z [err]  note: run with `RUST_BACKTRACE=1` environment variable to display a backtrace
2026-04-20T20:48:26.893609504Z [err]  
2026-04-20T20:48:26.893615058Z [err]  thread 'main' (1) panicked at pointercrate-example/src/main.rs:103:6:
2026-04-20T20:48:26.893620983Z [err]  Failed to load localization files: Io(Os { code: 20, kind: NotADirectory, message: "Not a directory" })
2026-04-20T20:48:26.893626890Z [err]  note: run with `RUST_BACKTRACE=1` environment variable to display a backtrace
2026-04-20T20:48:26.893634564Z [err]  
2026-04-20T20:48:26.893643032Z [err]  thread 'main' (1) panicked at pointercrate-example/src/main.rs:103:6:
2026-04-20T20:48:26.893650397Z [err]  Failed to load localization files: Io(Os { code: 20, kind: NotADirectory, message: "Not a directory" })
2026-04-20T20:48:26.893657766Z [err]  note: run with `RUST_BACKTRACE=1` environment variable to display a backtrace
2026-04-20T20:48:26.894364776Z [err]  
2026-04-20T20:48:26.894374100Z [err]  thread 'main' (1) panicked at pointercrate-example/src/main.rs:103:6:
2026-04-20T20:48:26.894385841Z [err]  Failed to load localization files: Io(Os { code: 20, kind: NotADirectory, message: "Not a directory" })
2026-04-20T20:48:26.894392984Z [err]  note: run with `RUST_BACKTRACE=1` environment variable to display a backtrace
2026-04-20T20:48:26.896572376Z [err]  Failed to load localization files: Io(Os { code: 20, kind: NotADirectory, message: "Not a directory" })
2026-04-20T20:48:26.896580858Z [err]  note: run with `RUST_BACKTRACE=1` environment variable to display a backtrace
2026-04-20T20:48:26.896605600Z [err]  
2026-04-20T20:48:26.896615547Z [err]  thread 'main' (1) panicked at pointercrate-example/src/main.rs:103:6:
2026-04-20T20:48:27.583056414Z [err]  
2026-04-20T20:48:27.583062294Z [err]  thread 'main' (1) panicked at pointercrate-example/src/main.rs:103:6:
2026-04-20T20:48:27.583073619Z [err]  Failed to load localization files: Io(Os { code: 20, kind: NotADirectory, message: "Not a directory" })
2026-04-20T20:48:27.583081251Z [err]  note: run with `RUST_BACKTRACE=1` environment variable to display a backtrace
2026-04-20T20:48:27.759351196Z [inf]  Starting Container
2026-04-20T20:48:28.899288850Z [err]  
2026-04-20T20:48:28.899293631Z [err]  thread 'main' (1) panicked at pointercrate-example/src/main.rs:103:6:
2026-04-20T20:48:28.899297969Z [err]  Failed to load localization files: Io(Os { code: 20, kind: NotADirectory, message: "Not a directory" })
2026-04-20T20:48:28.899302419Z [err]  note: run with `RUST_BACKTRACE=1` environment variable to display a backtrace